#
# There is insufficient memory for the Java Runtime Environment to continue.
# Native memory allocation (mmap) failed to map 117440512 bytes for Failed to commit area from 0x0000000090c00000 to 0x0000000097c00000 of length 117440512.
# Possible reasons:
#   The system is out of physical RAM or swap space
#   The process is running with CompressedOops enabled, and the Java Heap may be blocking the growth of the native heap
# Possible solutions:
#   Reduce memory load on the system
#   Increase physical memory or swap space
#   Check if swap backing store is full
#   Decrease Java heap size (-Xmx/-Xms)
#   Decrease number of Java threads
#   Decrease Java thread stack sizes (-Xss)
#   Set larger code cache with -XX:ReservedCodeCacheSize=
# This output file may be truncated or incomplete.
#
#  Out of Memory Error (./src/hotspot/os/windows/os_windows.cpp:3301), pid=12696, tid=5204
#
# JRE version:  (11.0.10+8) (build )
# Java VM: OpenJDK 64-Bit Server VM (11.0.10+8-b1145.96, mixed mode, sharing, tiered, compressed oops, g1 gc, windows-amd64)
# No core dump will be written. Minidumps are not enabled by default on client versions of Windows
#

---------------  S U M M A R Y ------------

Command Line: org.jetbrains.git4idea.http.GitAskPassApp Username for 'https://github.com': 

Host: AMD A6-7310 APU with AMD Radeon R4 Graphics    , 4 cores, 6G,  Windows 10 , 64 bit Build 17763 (10.0.17763.475)
Time: Thu Apr  1 21:06:05 2021 RTZ 2 (ceia) elapsed time: 0.090672 seconds (0d 0h 0m 0s)

---------------  T H R E A D  ---------------

Current thread (0x000001bb8965b800):  JavaThread "Unknown thread" [_thread_in_vm, id=5204, stack(0x0000008359f00000,0x000000835a000000)]

Stack: [0x0000008359f00000,0x000000835a000000]
Native frames: (J=compiled Java code, j=interpreted, Vv=VM code, C=native code)
V  [jvm.dll+0x5ece6a]
V  [jvm.dll+0x722cd5]
V  [jvm.dll+0x72422d]
V  [jvm.dll+0x7248e3]
V  [jvm.dll+0x2428d8]
V  [jvm.dll+0x5ea244]
V  [jvm.dll+0x5df2e5]
V  [jvm.dll+0x2fdddb]
V  [jvm.dll+0x2fdd4a]
V  [jvm.dll+0x2fdc22]
V  [jvm.dll+0x302b06]
V  [jvm.dll+0x34b033]
V  [jvm.dll+0x34b736]
V  [jvm.dll+0x34b133]
V  [jvm.dll+0x2d87d8]
V  [jvm.dll+0x2d9987]
V  [jvm.dll+0x701817]
V  [jvm.dll+0x70300c]
V  [jvm.dll+0x3585a9]
V  [jvm.dll+0x6e516e]
V  [jvm.dll+0x3c09e3]
V  [jvm.dll+0x3c2c71]
C  [jli.dll+0x5373]
C  [ucrtbase.dll+0x2268a]
C  [KERNEL32.DLL+0x17974]
C  [ntdll.dll+0x5a2d1]


---------------  P R O C E S S  ---------------

Threads class SMR info:
_java_thread_list=0x000001bb87545640, length=0, elements={
}

Java Threads: ( => current thread )

Other Threads:
  0x000001bb89677800 GCTaskThread "GC Thread#0" [stack: 0x000000835a000000,0x000000835a100000] [id=12816]
  0x000001bb896a2000 ConcurrentGCThread "G1 Main Marker" [stack: 0x000000835a100000,0x000000835a200000] [id=12164]
  0x000001bb896a3800 ConcurrentGCThread "G1 Conc#0" [stack: 0x000000835a200000,0x000000835a300000] [id=11880]

[error occurred during error reporting (printing all threads), id 0xc0000005, EXCEPTION_ACCESS_VIOLATION (0xc0000005) at pc=0x00007ffccc9f8db7]

VM state:not at safepoint (not fully initialized)

VM Mutex/Monitor currently owned by a thread:  ([mutex/lock_event])
[0x000001bb89657d20] Heap_lock - owner thread: 0x000001bb8965b800

Heap address: 0x0000000090c00000, size: 1780 MB, Compressed Oops mode: Non-zero based: 0x0000000090c00000
Narrow klass base: 0x0000000000000000, Narrow klass shift: 0

GC Heap History (0 events):
No events

Deoptimization events (0 events):
No events

Classes redefined (0 events):
No events

Internal exceptions (0 events):
No events

Events (1 events):
Event: 0.047 Loaded shared library C:\Program Files\JetBrains\IntelliJ IDEA 2020.3.3\jbr\bin\zip.dll


Dynamic libraries:
0x00007ff7c8750000 - 0x00007ff7c875a000 	C:\Program Files\JetBrains\IntelliJ IDEA 2020.3.3\jbr\bin\java.exe
0x00007ffd10800000 - 0x00007ffd109ec000 	C:\Windows\SYSTEM32\ntdll.dll
0x00007ffd0ff10000 - 0x00007ffd0ffc3000 	C:\Windows\System32\KERNEL32.DLL
0x00007ffd0c990000 - 0x00007ffd0cc24000 	C:\Windows\System32\KERNELBASE.dll
0x00007ffd0d6a0000 - 0x00007ffd0d79a000 	C:\Windows\System32\ucrtbase.dll
0x00007ffcfa310000 - 0x00007ffcfa327000 	C:\Program Files\JetBrains\IntelliJ IDEA 2020.3.3\jbr\bin\VCRUNTIME140.dll
0x00007ffcf9450000 - 0x00007ffcf9469000 	C:\Program Files\JetBrains\IntelliJ IDEA 2020.3.3\jbr\bin\jli.dll
0x00007ffd101f0000 - 0x00007ffd10387000 	C:\Windows\System32\USER32.dll
0x00007ffd0c970000 - 0x00007ffd0c990000 	C:\Windows\System32\win32u.dll
0x00007ffd0da30000 - 0x00007ffd0da59000 	C:\Windows\System32\GDI32.dll
0x00007ffd0cdb0000 - 0x00007ffd0cf4c000 	C:\Windows\System32\gdi32full.dll
0x00007ffd0d7a0000 - 0x00007ffd0d840000 	C:\Windows\System32\msvcp_win.dll
0x00007ffcfec10000 - 0x00007ffcfee89000 	C:\Windows\WinSxS\amd64_microsoft.windows.common-controls_6595b64144ccf1df_6.0.17763.1817_none_de6e422c534e0cb9\COMCTL32.dll
0x00007ffd104e0000 - 0x00007ffd1057e000 	C:\Windows\System32\msvcrt.dll
0x00007ffd0dcd0000 - 0x00007ffd0dffe000 	C:\Windows\System32\combase.dll
0x00007ffd0da60000 - 0x00007ffd0db80000 	C:\Windows\System32\RPCRT4.dll
0x00007ffd0cd30000 - 0x00007ffd0cdaf000 	C:\Windows\System32\bcryptPrimitives.dll
0x00007ffd0e160000 - 0x00007ffd0e18e000 	C:\Windows\System32\IMM32.DLL
0x00007ffce7f90000 - 0x00007ffce802d000 	C:\Program Files\JetBrains\IntelliJ IDEA 2020.3.3\jbr\bin\msvcp140.dll
0x00007ffccc710000 - 0x00007ffccd1e0000 	C:\Program Files\JetBrains\IntelliJ IDEA 2020.3.3\jbr\bin\server\jvm.dll
0x00007ffd0e000000 - 0x00007ffd0e0a3000 	C:\Windows\System32\ADVAPI32.dll
0x00007ffd0fbc0000 - 0x00007ffd0fc5f000 	C:\Windows\System32\sechost.dll
0x00007ffd10740000 - 0x00007ffd10748000 	C:\Windows\System32\PSAPI.DLL
0x00007ffcf8980000 - 0x00007ffcf8989000 	C:\Windows\SYSTEM32\WSOCK32.dll
0x00007ffd0ffd0000 - 0x00007ffd1003d000 	C:\Windows\System32\WS2_32.dll
0x00007ffd078d0000 - 0x00007ffd078da000 	C:\Windows\SYSTEM32\VERSION.dll
0x00007ffd092c0000 - 0x00007ffd092e4000 	C:\Windows\SYSTEM32\WINMM.dll
0x00007ffd09290000 - 0x00007ffd092bd000 	C:\Windows\SYSTEM32\WINMMBASE.dll
0x00007ffd0cc30000 - 0x00007ffd0cc7a000 	C:\Windows\System32\cfgmgr32.dll
0x00007ffd0c7f0000 - 0x00007ffd0c801000 	C:\Windows\System32\kernel.appcore.dll
0x00007ffd09320000 - 0x00007ffd09331000 	C:\Program Files\JetBrains\IntelliJ IDEA 2020.3.3\jbr\bin\verify.dll
0x00007ffd0b250000 - 0x00007ffd0b43d000 	C:\Windows\SYSTEM32\DBGHELP.DLL
0x00007ffcf9270000 - 0x00007ffcf929a000 	C:\Windows\SYSTEM32\dbgcore.DLL
0x00007ffcffcf0000 - 0x00007ffcffd19000 	C:\Program Files\JetBrains\IntelliJ IDEA 2020.3.3\jbr\bin\java.dll
0x00007ffd04700000 - 0x00007ffd0470b000 	C:\Program Files\JetBrains\IntelliJ IDEA 2020.3.3\jbr\bin\jimage.dll
0x00007ffd029a0000 - 0x00007ffd029b8000 	C:\Program Files\JetBrains\IntelliJ IDEA 2020.3.3\jbr\bin\zip.dll

dbghelp: loaded successfully - version: 4.0.5 - missing functions: none
symbol engine: initialized successfully - sym options: 0x614 - pdb path: .;C:\Program Files\JetBrains\IntelliJ IDEA 2020.3.3\jbr\bin;C:\Windows\SYSTEM32;C:\Windows\WinSxS\amd64_microsoft.windows.common-controls_6595b64144ccf1df_6.0.17763.1817_none_de6e422c534e0cb9;C:\Program Files\JetBrains\IntelliJ IDEA 2020.3.3\jbr\bin\server

VM Arguments:
java_command: org.jetbrains.git4idea.http.GitAskPassApp Username for 'https://github.com': 
java_class_path (initial): C:/Program Files/JetBrains/IntelliJ IDEA 2020.3.3/plugins/git4idea/lib/git4idea-rt.jar;C:/Program Files/JetBrains/IntelliJ IDEA 2020.3.3/lib/xmlrpc-2.0.1.jar;C:/Program Files/JetBrains/IntelliJ IDEA 2020.3.3/lib/commons-codec-1.14.jar
Launcher Type: SUN_STANDARD

[Global flags]
     intx CICompilerCount                          = 3                                         {product} {ergonomic}
     uint ConcGCThreads                            = 1                                         {product} {ergonomic}
     uint G1ConcRefinementThreads                  = 4                                         {product} {ergonomic}
   size_t G1HeapRegionSize                         = 1048576                                   {product} {ergonomic}
    uintx GCDrainStackTargetSize                   = 64                                        {product} {ergonomic}
   size_t InitialHeapSize                          = 117440512                                 {product} {ergonomic}
   size_t MarkStackSize                            = 4194304                                   {product} {ergonomic}
   size_t MaxHeapSize                              = 1866465280                                {product} {ergonomic}
   size_t MinHeapDeltaBytes                        = 1048576                                   {product} {ergonomic}
    uintx NonNMethodCodeHeapSize                   = 5830732                                {pd product} {ergonomic}
    uintx NonProfiledCodeHeapSize                  = 122913754                              {pd product} {ergonomic}
    uintx ProfiledCodeHeapSize                     = 122913754                              {pd product} {ergonomic}
    uintx ReservedCodeCacheSize                    = 251658240                              {pd product} {ergonomic}
     bool SegmentedCodeCache                       = true                                      {product} {ergonomic}
     bool UseCompressedClassPointers               = true                                 {lp64_product} {ergonomic}
     bool UseCompressedOops                        = true                                 {lp64_product} {ergonomic}
     bool UseG1GC                                  = true                                      {product} {ergonomic}
     bool UseLargePagesIndividualAllocation        = false                                  {pd product} {ergonomic}

Logging:
Log output configuration:
 #0: stdout all=warning uptime,level,tags
 #1: stderr all=off uptime,level,tags

Environment Variables:
PATH=C:\Program Files\Git\mingw64\libexec\git-core;C:\Program Files\Git\mingw64\libexec\git-core;C:\Program Files\Git\mingw64\bin;C:\Program Files\Git\usr\bin;C:\Users\HP-USER\bin;C:\Program Files (x86)\Common Files\Oracle\Java\javapath;C:\Windows\system32;C:\Windows;C:\Windows\System32\Wbem;C:\Windows\System32\WindowsPowerShell\v1.0;C:\Windows\System32\OpenSSH;C:\Program Files\Git\cmd;C:\Users\HP-USER\AppData\Local\Microsoft\WindowsApps
USERNAME=User
DISPLAY=:0.0
LC_ALL=en_US.UTF-8
OS=Windows_NT
PROCESSOR_IDENTIFIER=AMD64 Family 22 Model 48 Stepping 1, AuthenticAMD



---------------  S Y S T E M  ---------------

OS: Windows 10 , 64 bit Build 17763 (10.0.17763.475)
OS uptime: 0 days 12:00 hours

CPU:total 4 (initial active 4) (4 cores per cpu, 1 threads per core) family 22 model 48 stepping 1 microcode 0x0, cmov, cx8, fxsr, mmx, sse, sse2, sse3, ssse3, sse4.1, sse4.2, popcnt, avx, aes, clmul, mmxext, 3dnowpref, lzcnt, sse4a, tsc, tscinvbit, tscinv, bmi1

Memory: 4k page, system-wide physical 7113M (1560M free)
TotalPageFile size 9161M (AvailPageFile size 20M)
current process WorkingSet (physical memory assigned to process): 9M, peak: 9M
current process commit charge ("private bytes"): 51M, peak: 163M

vm_info: OpenJDK 64-Bit Server VM (11.0.10+8-b1145.96) for windows-amd64 JRE (11.0.10+8-b1145.96), built on Feb 18 2021 01:38:16 by "" with MS VC++ 14.0 (VS2015)

END.
